[0.330s] Invoking command in '/home/geovani/Descargas/h/nebufull/src/nebupkg': PYTHONPATH=/home/geovani/Descargas/h/nebufull/build/nebupkg/prefix_override:/usr/lib/python3/dist-packages/colcon_core/task/python/colcon_distutils_commands:/home/geovani/Descargas/h/nebufull/install/nebupkg/lib/python3.10/site-packages:${PYTHONPATH} /usr/bin/python3 -W ignore:setup.py install is deprecated -W ignore:easy_install command is deprecated setup.py egg_info --egg-base ../../build/nebupkg build --build-base /home/geovani/Descargas/h/nebufull/build/nebupkg/build install --record /home/geovani/Descargas/h/nebufull/build/nebupkg/install.log --single-version-externally-managed install_data
[0.450s] running egg_info
[0.450s] writing ../../build/nebupkg/nebupkg.egg-info/PKG-INFO
[0.450s] writing dependency_links to ../../build/nebupkg/nebupkg.egg-info/dependency_links.txt
[0.450s] writing entry points to ../../build/nebupkg/nebupkg.egg-info/entry_points.txt
[0.450s] writing requirements to ../../build/nebupkg/nebupkg.egg-info/requires.txt
[0.450s] writing top-level names to ../../build/nebupkg/nebupkg.egg-info/top_level.txt
[0.451s] reading manifest file '../../build/nebupkg/nebupkg.egg-info/SOURCES.txt'
[0.451s] writing manifest file '../../build/nebupkg/nebupkg.egg-info/SOURCES.txt'
[0.451s] running build
[0.451s] running build_py
[0.452s] copying nebupkg/todo.py -> /home/geovani/Descargas/h/nebufull/build/nebupkg/build/lib/nebupkg
[0.452s] running install
[0.452s] running install_lib
[0.452s] copying /home/geovani/Descargas/h/nebufull/build/nebupkg/build/lib/nebupkg/todo.py -> /home/geovani/Descargas/h/nebufull/install/nebupkg/lib/python3.10/site-packages/nebupkg
[0.452s] byte-compiling /home/geovani/Descargas/h/nebufull/install/nebupkg/lib/python3.10/site-packages/nebupkg/todo.py to todo.cpython-310.pyc
[0.453s] running install_data
[0.453s] running install_egg_info
[0.454s] removing '/home/geovani/Descargas/h/nebufull/install/nebupkg/lib/python3.10/site-packages/nebupkg-0.0.0-py3.10.egg-info' (and everything under it)
[0.454s] Copying ../../build/nebupkg/nebupkg.egg-info to /home/geovani/Descargas/h/nebufull/install/nebupkg/lib/python3.10/site-packages/nebupkg-0.0.0-py3.10.egg-info
[0.454s] running install_scripts
[0.464s] Installing arduino script to /home/geovani/Descargas/h/nebufull/install/nebupkg/lib/nebupkg
[0.464s] Installing emociones script to /home/geovani/Descargas/h/nebufull/install/nebupkg/lib/nebupkg
[0.464s] Installing model_node script to /home/geovani/Descargas/h/nebufull/install/nebupkg/lib/nebupkg
[0.464s] Installing nodotts script to /home/geovani/Descargas/h/nebufull/install/nebupkg/lib/nebupkg
[0.464s] Installing rostros script to /home/geovani/Descargas/h/nebufull/install/nebupkg/lib/nebupkg
[0.464s] Installing todo script to /home/geovani/Descargas/h/nebufull/install/nebupkg/lib/nebupkg
[0.464s] Installing voz_node script to /home/geovani/Descargas/h/nebufull/install/nebupkg/lib/nebupkg
[0.464s] writing list of installed files to '/home/geovani/Descargas/h/nebufull/build/nebupkg/install.log'
[0.474s] Invoked command in '/home/geovani/Descargas/h/nebufull/src/nebupkg' returned '0': PYTHONPATH=/home/geovani/Descargas/h/nebufull/build/nebupkg/prefix_override:/usr/lib/python3/dist-packages/colcon_core/task/python/colcon_distutils_commands:/home/geovani/Descargas/h/nebufull/install/nebupkg/lib/python3.10/site-packages:${PYTHONPATH} /usr/bin/python3 -W ignore:setup.py install is deprecated -W ignore:easy_install command is deprecated setup.py egg_info --egg-base ../../build/nebupkg build --build-base /home/geovani/Descargas/h/nebufull/build/nebupkg/build install --record /home/geovani/Descargas/h/nebufull/build/nebupkg/install.log --single-version-externally-managed install_data
