[0.364s] Invoking command in '/home/geovani/ROS2/github_ws/src/github': PYTHONPATH=/home/geovani/ROS2/build/github/prefix_override:/usr/lib/python3/dist-packages/colcon_core/task/python/colcon_distutils_commands:/home/geovani/ROS2/install/github/lib/python3.10/site-packages:${PYTHONPATH} /usr/bin/python3 -W ignore:setup.py install is deprecated -W ignore:easy_install command is deprecated setup.py egg_info --egg-base ../../../build/github build --build-base /home/geovani/ROS2/build/github/build install --record /home/geovani/ROS2/build/github/install.log --single-version-externally-managed install_data
[0.482s] running egg_info
[0.482s] writing ../../../build/github/github.egg-info/PKG-INFO
[0.483s] writing dependency_links to ../../../build/github/github.egg-info/dependency_links.txt
[0.483s] writing entry points to ../../../build/github/github.egg-info/entry_points.txt
[0.483s] writing requirements to ../../../build/github/github.egg-info/requires.txt
[0.483s] writing top-level names to ../../../build/github/github.egg-info/top_level.txt
[0.484s] reading manifest file '../../../build/github/github.egg-info/SOURCES.txt'
[0.484s] writing manifest file '../../../build/github/github.egg-info/SOURCES.txt'
[0.484s] running build
[0.484s] running build_py
[0.484s] running install
[0.484s] running install_lib
[0.485s] running install_data
[0.485s] running install_egg_info
[0.486s] removing '/home/geovani/ROS2/install/github/lib/python3.10/site-packages/github-0.0.0-py3.10.egg-info' (and everything under it)
[0.486s] Copying ../../../build/github/github.egg-info to /home/geovani/ROS2/install/github/lib/python3.10/site-packages/github-0.0.0-py3.10.egg-info
[0.486s] running install_scripts
[0.495s] Installing arduino script to /home/geovani/ROS2/install/github/lib/github
[0.495s] Installing git = github.git:mainwakeword = github.wakeword:mainemociones script to /home/geovani/ROS2/install/github/lib/github
[0.495s] Installing model_node script to /home/geovani/ROS2/install/github/lib/github
[0.495s] Installing nodotts script to /home/geovani/ROS2/install/github/lib/github
[0.495s] Installing rostros script to /home/geovani/ROS2/install/github/lib/github
[0.495s] Installing todo script to /home/geovani/ROS2/install/github/lib/github
[0.495s] Installing voz_node script to /home/geovani/ROS2/install/github/lib/github
[0.495s] writing list of installed files to '/home/geovani/ROS2/build/github/install.log'
[0.505s] Invoked command in '/home/geovani/ROS2/github_ws/src/github' returned '0': PYTHONPATH=/home/geovani/ROS2/build/github/prefix_override:/usr/lib/python3/dist-packages/colcon_core/task/python/colcon_distutils_commands:/home/geovani/ROS2/install/github/lib/python3.10/site-packages:${PYTHONPATH} /usr/bin/python3 -W ignore:setup.py install is deprecated -W ignore:easy_install command is deprecated setup.py egg_info --egg-base ../../../build/github build --build-base /home/geovani/ROS2/build/github/build install --record /home/geovani/ROS2/build/github/install.log --single-version-externally-managed install_data
