running egg_info
writing ../../../build/github/github.egg-info/PKG-INFO
writing dependency_links to ../../../build/github/github.egg-info/dependency_links.txt
writing entry points to ../../../build/github/github.egg-info/entry_points.txt
writing requirements to ../../../build/github/github.egg-info/requires.txt
writing top-level names to ../../../build/github/github.egg-info/top_level.txt
reading manifest file '../../../build/github/github.egg-info/SOURCES.txt'
writing manifest file '../../../build/github/github.egg-info/SOURCES.txt'
running build
running build_py
copying github/emociones.py -> /home/geovani/ROS2/build/github/build/lib/github
copying github/arduino.py -> /home/geovani/ROS2/build/github/build/lib/github
copying github/voz_node.py -> /home/geovani/ROS2/build/github/build/lib/github
copying github/rostros.py -> /home/geovani/ROS2/build/github/build/lib/github
copying github/nodotts.py -> /home/geovani/ROS2/build/github/build/lib/github
copying github/model_node.py -> /home/geovani/ROS2/build/github/build/lib/github
copying github/todo.py -> /home/geovani/ROS2/build/github/build/lib/github
running install
running install_lib
copying /home/geovani/ROS2/build/github/build/lib/github/emociones.py -> /home/geovani/ROS2/install/github/lib/python3.10/site-packages/github
copying /home/geovani/ROS2/build/github/build/lib/github/arduino.py -> /home/geovani/ROS2/install/github/lib/python3.10/site-packages/github
copying /home/geovani/ROS2/build/github/build/lib/github/voz_node.py -> /home/geovani/ROS2/install/github/lib/python3.10/site-packages/github
copying /home/geovani/ROS2/build/github/build/lib/github/rostros.py -> /home/geovani/ROS2/install/github/lib/python3.10/site-packages/github
copying /home/geovani/ROS2/build/github/build/lib/github/nodotts.py -> /home/geovani/ROS2/install/github/lib/python3.10/site-packages/github
copying /home/geovani/ROS2/build/github/build/lib/github/model_node.py -> /home/geovani/ROS2/install/github/lib/python3.10/site-packages/github
copying /home/geovani/ROS2/build/github/build/lib/github/todo.py -> /home/geovani/ROS2/install/github/lib/python3.10/site-packages/github
byte-compiling /home/geovani/ROS2/install/github/lib/python3.10/site-packages/github/emociones.py to emociones.cpython-310.pyc
byte-compiling /home/geovani/ROS2/install/github/lib/python3.10/site-packages/github/arduino.py to arduino.cpython-310.pyc
byte-compiling /home/geovani/ROS2/install/github/lib/python3.10/site-packages/github/voz_node.py to voz_node.cpython-310.pyc
byte-compiling /home/geovani/ROS2/install/github/lib/python3.10/site-packages/github/rostros.py to rostros.cpython-310.pyc
byte-compiling /home/geovani/ROS2/install/github/lib/python3.10/site-packages/github/nodotts.py to nodotts.cpython-310.pyc
byte-compiling /home/geovani/ROS2/install/github/lib/python3.10/site-packages/github/model_node.py to model_node.cpython-310.pyc
byte-compiling /home/geovani/ROS2/install/github/lib/python3.10/site-packages/github/todo.py to todo.cpython-310.pyc
running install_data
running install_egg_info
removing '/home/geovani/ROS2/install/github/lib/python3.10/site-packages/github-0.0.0-py3.10.egg-info' (and everything under it)
Copying ../../../build/github/github.egg-info to /home/geovani/ROS2/install/github/lib/python3.10/site-packages/github-0.0.0-py3.10.egg-info
running install_scripts
Installing git = github.git:mainwakeword script to /home/geovani/ROS2/install/github/lib/github
writing list of installed files to '/home/geovani/ROS2/build/github/install.log'
