running egg_info
creating ../../build/github/github.egg-info
writing ../../build/github/github.egg-info/PKG-INFO
writing dependency_links to ../../build/github/github.egg-info/dependency_links.txt
writing entry points to ../../build/github/github.egg-info/entry_points.txt
writing requirements to ../../build/github/github.egg-info/requires.txt
writing top-level names to ../../build/github/github.egg-info/top_level.txt
writing manifest file '../../build/github/github.egg-info/SOURCES.txt'
reading manifest file '../../build/github/github.egg-info/SOURCES.txt'
writing manifest file '../../build/github/github.egg-info/SOURCES.txt'
running build
running build_py
creating /home/geovani/github_ws/build/github/build
creating /home/geovani/github_ws/build/github/build/lib
creating /home/geovani/github_ws/build/github/build/lib/github
copying github/__init__.py -> /home/geovani/github_ws/build/github/build/lib/github
copying github/git.py -> /home/geovani/github_ws/build/github/build/lib/github
running install
running install_lib
creating /home/geovani/github_ws/install/github/lib/python3.10/site-packages/github
copying /home/geovani/github_ws/build/github/build/lib/github/__init__.py -> /home/geovani/github_ws/install/github/lib/python3.10/site-packages/github
copying /home/geovani/github_ws/build/github/build/lib/github/git.py -> /home/geovani/github_ws/install/github/lib/python3.10/site-packages/github
byte-compiling /home/geovani/github_ws/install/github/lib/python3.10/site-packages/github/__init__.py to __init__.cpython-310.pyc
byte-compiling /home/geovani/github_ws/install/github/lib/python3.10/site-packages/github/git.py to git.cpython-310.pyc
running install_data
creating /home/geovani/github_ws/install/github/share/ament_index
creating /home/geovani/github_ws/install/github/share/ament_index/resource_index
creating /home/geovani/github_ws/install/github/share/ament_index/resource_index/packages
copying resource/github -> /home/geovani/github_ws/install/github/share/ament_index/resource_index/packages
copying package.xml -> /home/geovani/github_ws/install/github/share/github
running install_egg_info
Copying ../../build/github/github.egg-info to /home/geovani/github_ws/install/github/lib/python3.10/site-packages/github-0.0.0-py3.10.egg-info
running install_scripts
Installing git script to /home/geovani/github_ws/install/github/lib/github
writing list of installed files to '/home/geovani/github_ws/build/github/install.log'
