/home/geovani/ROS2/install/github/lib/python3.10/site-packages/github/emociones.py
/home/geovani/ROS2/install/github/lib/python3.10/site-packages/github/arduino.py
/home/geovani/ROS2/install/github/lib/python3.10/site-packages/github/voz_node.py
/home/geovani/ROS2/install/github/lib/python3.10/site-packages/github/rostros.py
/home/geovani/ROS2/install/github/lib/python3.10/site-packages/github/nodotts.py
/home/geovani/ROS2/install/github/lib/python3.10/site-packages/github/__init__.py
/home/geovani/ROS2/install/github/lib/python3.10/site-packages/github/model_node.py
/home/geovani/ROS2/install/github/lib/python3.10/site-packages/github/todo.py
/home/geovani/ROS2/install/github/lib/python3.10/site-packages/github/wakeword.py
/home/geovani/ROS2/install/github/lib/python3.10/site-packages/github/git.py
/home/geovani/ROS2/install/github/lib/python3.10/site-packages/github/__pycache__/emociones.cpython-310.pyc
/home/geovani/ROS2/install/github/lib/python3.10/site-packages/github/__pycache__/arduino.cpython-310.pyc
/home/geovani/ROS2/install/github/lib/python3.10/site-packages/github/__pycache__/voz_node.cpython-310.pyc
/home/geovani/ROS2/install/github/lib/python3.10/site-packages/github/__pycache__/rostros.cpython-310.pyc
/home/geovani/ROS2/install/github/lib/python3.10/site-packages/github/__pycache__/nodotts.cpython-310.pyc
/home/geovani/ROS2/install/github/lib/python3.10/site-packages/github/__pycache__/__init__.cpython-310.pyc
/home/geovani/ROS2/install/github/lib/python3.10/site-packages/github/__pycache__/model_node.cpython-310.pyc
/home/geovani/ROS2/install/github/lib/python3.10/site-packages/github/__pycache__/todo.cpython-310.pyc
/home/geovani/ROS2/install/github/lib/python3.10/site-packages/github/__pycache__/wakeword.cpython-310.pyc
/home/geovani/ROS2/install/github/lib/python3.10/site-packages/github/__pycache__/git.cpython-310.pyc
/home/geovani/ROS2/install/github/share/ament_index/resource_index/packages/github
/home/geovani/ROS2/install/github/share/github/package.xml
/home/geovani/ROS2/install/github/lib/python3.10/site-packages/github-0.0.0-py3.10.egg-info/PKG-INFO
/home/geovani/ROS2/install/github/lib/python3.10/site-packages/github-0.0.0-py3.10.egg-info/entry_points.txt
/home/geovani/ROS2/install/github/lib/python3.10/site-packages/github-0.0.0-py3.10.egg-info/dependency_links.txt
/home/geovani/ROS2/install/github/lib/python3.10/site-packages/github-0.0.0-py3.10.egg-info/top_level.txt
/home/geovani/ROS2/install/github/lib/python3.10/site-packages/github-0.0.0-py3.10.egg-info/SOURCES.txt
/home/geovani/ROS2/install/github/lib/python3.10/site-packages/github-0.0.0-py3.10.egg-info/requires.txt
/home/geovani/ROS2/install/github/lib/python3.10/site-packages/github-0.0.0-py3.10.egg-info/zip-safe
/home/geovani/ROS2/install/github/lib/github/arduino
/home/geovani/ROS2/install/github/lib/github/git = github.git:mainwakeword = github.wakeword:mainemociones
/home/geovani/ROS2/install/github/lib/github/model_node
/home/geovani/ROS2/install/github/lib/github/nodotts
/home/geovani/ROS2/install/github/lib/github/rostros
/home/geovani/ROS2/install/github/lib/github/todo
/home/geovani/ROS2/install/github/lib/github/voz_node
