[0.387s] Invoking command in '/home/geovani/github_ws/src/github': PYTHONPATH=/home/geovani/github_ws/build/github/prefix_override:/usr/lib/python3/dist-packages/colcon_core/task/python/colcon_distutils_commands:/home/geovani/github_ws/install/github/lib/python3.10/site-packages:${PYTHONPATH} /usr/bin/python3 -W ignore:setup.py install is deprecated -W ignore:easy_install command is deprecated setup.py egg_info --egg-base ../../build/github build --build-base /home/geovani/github_ws/build/github/build install --record /home/geovani/github_ws/build/github/install.log --single-version-externally-managed install_data
[0.529s] running egg_info
[0.529s] creating ../../build/github/github.egg-info
[0.529s] writing ../../build/github/github.egg-info/PKG-INFO
[0.529s] writing dependency_links to ../../build/github/github.egg-info/dependency_links.txt
[0.529s] writing entry points to ../../build/github/github.egg-info/entry_points.txt
[0.529s] writing requirements to ../../build/github/github.egg-info/requires.txt
[0.530s] writing top-level names to ../../build/github/github.egg-info/top_level.txt
[0.530s] writing manifest file '../../build/github/github.egg-info/SOURCES.txt'
[0.531s] reading manifest file '../../build/github/github.egg-info/SOURCES.txt'
[0.531s] writing manifest file '../../build/github/github.egg-info/SOURCES.txt'
[0.531s] running build
[0.531s] running build_py
[0.531s] creating /home/geovani/github_ws/build/github/build
[0.531s] creating /home/geovani/github_ws/build/github/build/lib
[0.531s] creating /home/geovani/github_ws/build/github/build/lib/github
[0.531s] copying github/__init__.py -> /home/geovani/github_ws/build/github/build/lib/github
[0.531s] copying github/git.py -> /home/geovani/github_ws/build/github/build/lib/github
[0.531s] running install
[0.531s] running install_lib
[0.531s] creating /home/geovani/github_ws/install/github/lib/python3.10/site-packages/github
[0.531s] copying /home/geovani/github_ws/build/github/build/lib/github/__init__.py -> /home/geovani/github_ws/install/github/lib/python3.10/site-packages/github
[0.532s] copying /home/geovani/github_ws/build/github/build/lib/github/git.py -> /home/geovani/github_ws/install/github/lib/python3.10/site-packages/github
[0.532s] byte-compiling /home/geovani/github_ws/install/github/lib/python3.10/site-packages/github/__init__.py to __init__.cpython-310.pyc
[0.532s] byte-compiling /home/geovani/github_ws/install/github/lib/python3.10/site-packages/github/git.py to git.cpython-310.pyc
[0.532s] running install_data
[0.532s] creating /home/geovani/github_ws/install/github/share/ament_index
[0.532s] creating /home/geovani/github_ws/install/github/share/ament_index/resource_index
[0.532s] creating /home/geovani/github_ws/install/github/share/ament_index/resource_index/packages
[0.532s] copying resource/github -> /home/geovani/github_ws/install/github/share/ament_index/resource_index/packages
[0.532s] copying package.xml -> /home/geovani/github_ws/install/github/share/github
[0.532s] running install_egg_info
[0.533s] Copying ../../build/github/github.egg-info to /home/geovani/github_ws/install/github/lib/python3.10/site-packages/github-0.0.0-py3.10.egg-info
[0.533s] running install_scripts
[0.544s] Installing git script to /home/geovani/github_ws/install/github/lib/github
[0.544s] writing list of installed files to '/home/geovani/github_ws/build/github/install.log'
[0.555s] Invoked command in '/home/geovani/github_ws/src/github' returned '0': PYTHONPATH=/home/geovani/github_ws/build/github/prefix_override:/usr/lib/python3/dist-packages/colcon_core/task/python/colcon_distutils_commands:/home/geovani/github_ws/install/github/lib/python3.10/site-packages:${PYTHONPATH} /usr/bin/python3 -W ignore:setup.py install is deprecated -W ignore:easy_install command is deprecated setup.py egg_info --egg-base ../../build/github build --build-base /home/geovani/github_ws/build/github/build install --record /home/geovani/github_ws/build/github/install.log --single-version-externally-managed install_data
