[0.062s] [34mcolcon[0m [1;30mDEBUG[0m [32mCommand line arguments: ['/usr/bin/colcon', 'build'][0m
[0.062s] [34mcolcon[0m [1;30mDEBUG[0m [32mParsed command line arguments: Namespace(log_base=None, log_level=None, verb_name='build', build_base='build', install_base='install', merge_install=False, symlink_install=False, test_result_base=None, continue_on_error=False, executor='parallel', parallel_workers=32, event_handlers=None, ignore_user_meta=False, metas=['./colcon.meta'], base_paths=['.'], packages_ignore=None, packages_ignore_regex=None, paths=None, packages_up_to=None, packages_up_to_regex=None, packages_above=None, packages_above_and_dependencies=None, packages_above_depth=None, packages_select_by_dep=None, packages_skip_by_dep=None, packages_skip_up_to=None, packages_select_build_failed=False, packages_skip_build_finished=False, packages_select_test_failures=False, packages_skip_test_passed=False, packages_select=None, packages_skip=None, packages_select_regex=None, packages_skip_regex=None, packages_start=None, packages_end=None, allow_overriding=[], cmake_args=None, cmake_target=None, cmake_target_skip_unavailable=False, cmake_clean_cache=False, cmake_clean_first=False, cmake_force_configure=False, ament_cmake_args=None, catkin_cmake_args=None, catkin_skip_building_tests=False, verb_parser=<colcon_defaults.argument_parser.defaults.DefaultArgumentsDecorator object at 0x72620adf5d50>, verb_extension=<colcon_core.verb.build.BuildVerb object at 0x72620adf5900>, main=<bound method BuildVerb.main of <colcon_core.verb.build.BuildVerb object at 0x72620adf5900>>)[0m
[0.168s] [34mcolcon.colcon_core.package_discovery[0m [1;30mLevel 1[0m discover_packages(colcon_meta) check parameters
[0.168s] [34mcolcon.colcon_core.package_discovery[0m [1;30mLevel 1[0m discover_packages(recursive) check parameters
[0.168s] [34mcolcon.colcon_core.package_discovery[0m [1;30mLevel 1[0m discover_packages(ignore) check parameters
[0.168s] [34mcolcon.colcon_core.package_discovery[0m [1;30mLevel 1[0m discover_packages(path) check parameters
[0.168s] [34mcolcon.colcon_core.package_discovery[0m [1;30mLevel 1[0m discover_packages(colcon_meta) discover
[0.168s] [34mcolcon.colcon_core.package_discovery[0m [1;30mLevel 1[0m discover_packages(recursive) discover
[0.168s] [34mcolcon.colcon_core.package_discovery[0m [1;30mINFO[0m Crawling recursively for packages in '/home/geovani/ROS2'
[0.168s] [34mcolcon.colcon_core.package_identification[0m [1;30mLevel 1[0m _identify(.) by extensions ['ignore', 'ignore_ament_install']
[0.168s] [34mcolcon.colcon_core.package_identification[0m [1;30mLevel 1[0m _identify(.) by extension 'ignore'
[0.168s] [34mcolcon.colcon_core.package_identification[0m [1;30mLevel 1[0m _identify(.) by extension 'ignore_ament_install'
[0.168s] [34mcolcon.colcon_core.package_identification[0m [1;30mLevel 1[0m _identify(.) by extensions ['colcon_pkg']
[0.168s] [34mcolcon.colcon_core.package_identification[0m [1;30mLevel 1[0m _identify(.) by extension 'colcon_pkg'
[0.168s] [34mcolcon.colcon_core.package_identification[0m [1;30mLevel 1[0m _identify(.) by extensions ['colcon_meta']
[0.168s] [34mcolcon.colcon_core.package_identification[0m [1;30mLevel 1[0m _identify(.) by extension 'colcon_meta'
[0.168s] [34mcolcon.colcon_core.package_identification[0m [1;30mLevel 1[0m _identify(.) by extensions ['ros']
[0.168s] [34mcolcon.colcon_core.package_identification[0m [1;30mLevel 1[0m _identify(.) by extension 'ros'
[0.174s] [34mcolcon.colcon_core.package_identification[0m [1;30mLevel 1[0m _identify(.) by extensions ['cmake', 'python']
[0.174s] [34mcolcon.colcon_core.package_identification[0m [1;30mLevel 1[0m _identify(.) by extension 'cmake'
[0.174s] [34mcolcon.colcon_core.package_identification[0m [1;30mLevel 1[0m _identify(.) by extension 'python'
[0.174s] [34mcolcon.colcon_core.package_identification[0m [1;30mLevel 1[0m _identify(.) by extensions ['python_setup_py']
[0.174s] [34mcolcon.colcon_core.package_identification[0m [1;30mLevel 1[0m _identify(.) by extension 'python_setup_py'
[0.174s] [34mcolcon.colcon_core.package_identification[0m [1;30mLevel 1[0m _identify(ROS2) by extensions ['ignore', 'ignore_ament_install']
[0.174s] [34mcolcon.colcon_core.package_identification[0m [1;30mLevel 1[0m _identify(ROS2) by extension 'ignore'
[0.174s] [34mcolcon.colcon_core.package_identification[0m [1;30mLevel 1[0m _identify(ROS2) by extension 'ignore_ament_install'
[0.174s] [34mcolcon.colcon_core.package_identification[0m [1;30mLevel 1[0m _identify(ROS2) by extensions ['colcon_pkg']
[0.174s] [34mcolcon.colcon_core.package_identification[0m [1;30mLevel 1[0m _identify(ROS2) by extension 'colcon_pkg'
[0.174s] [34mcolcon.colcon_core.package_identification[0m [1;30mLevel 1[0m _identify(ROS2) by extensions ['colcon_meta']
[0.174s] [34mcolcon.colcon_core.package_identification[0m [1;30mLevel 1[0m _identify(ROS2) by extension 'colcon_meta'
[0.174s] [34mcolcon.colcon_core.package_identification[0m [1;30mLevel 1[0m _identify(ROS2) by extensions ['ros']
[0.174s] [34mcolcon.colcon_core.package_identification[0m [1;30mLevel 1[0m _identify(ROS2) by extension 'ros'
[0.174s] [34mcolcon.colcon_core.package_identification[0m [1;30mLevel 1[0m _identify(ROS2) by extensions ['cmake', 'python']
[0.174s] [34mcolcon.colcon_core.package_identification[0m [1;30mLevel 1[0m _identify(ROS2) by extension 'cmake'
[0.174s] [34mcolcon.colcon_core.package_identification[0m [1;30mLevel 1[0m _identify(ROS2) by extension 'python'
[0.174s] [34mcolcon.colcon_core.package_identification[0m [1;30mLevel 1[0m _identify(ROS2) by extensions ['python_setup_py']
[0.174s] [34mcolcon.colcon_core.package_identification[0m [1;30mLevel 1[0m _identify(ROS2) by extension 'python_setup_py'
[0.174s] [34mcolcon.colcon_core.package_identification[0m [1;30mLevel 1[0m _identify(ROS2/build) by extensions ['ignore', 'ignore_ament_install']
[0.174s] [34mcolcon.colcon_core.package_identification[0m [1;30mLevel 1[0m _identify(ROS2/build) by extension 'ignore'
[0.174s] [34mcolcon.colcon_core.package_identification[0m [1;30mLevel 1[0m _identify(ROS2/build) ignored
[0.174s] [34mcolcon.colcon_core.package_identification[0m [1;30mLevel 1[0m _identify(ROS2/github_ws) by extensions ['ignore', 'ignore_ament_install']
[0.174s] [34mcolcon.colcon_core.package_identification[0m [1;30mLevel 1[0m _identify(ROS2/github_ws) by extension 'ignore'
[0.174s] [34mcolcon.colcon_core.package_identification[0m [1;30mLevel 1[0m _identify(ROS2/github_ws) by extension 'ignore_ament_install'
[0.174s] [34mcolcon.colcon_core.package_identification[0m [1;30mLevel 1[0m _identify(ROS2/github_ws) by extensions ['colcon_pkg']
[0.174s] [34mcolcon.colcon_core.package_identification[0m [1;30mLevel 1[0m _identify(ROS2/github_ws) by extension 'colcon_pkg'
[0.174s] [34mcolcon.colcon_core.package_identification[0m [1;30mLevel 1[0m _identify(ROS2/github_ws) by extensions ['colcon_meta']
[0.174s] [34mcolcon.colcon_core.package_identification[0m [1;30mLevel 1[0m _identify(ROS2/github_ws) by extension 'colcon_meta'
[0.175s] [34mcolcon.colcon_core.package_identification[0m [1;30mLevel 1[0m _identify(ROS2/github_ws) by extensions ['ros']
[0.175s] [34mcolcon.colcon_core.package_identification[0m [1;30mLevel 1[0m _identify(ROS2/github_ws) by extension 'ros'
[0.175s] [34mcolcon.colcon_core.package_identification[0m [1;30mLevel 1[0m _identify(ROS2/github_ws) by extensions ['cmake', 'python']
[0.175s] [34mcolcon.colcon_core.package_identification[0m [1;30mLevel 1[0m _identify(ROS2/github_ws) by extension 'cmake'
[0.175s] [34mcolcon.colcon_core.package_identification[0m [1;30mLevel 1[0m _identify(ROS2/github_ws) by extension 'python'
[0.175s] [34mcolcon.colcon_core.package_identification[0m [1;30mLevel 1[0m _identify(ROS2/github_ws) by extensions ['python_setup_py']
[0.175s] [34mcolcon.colcon_core.package_identification[0m [1;30mLevel 1[0m _identify(ROS2/github_ws) by extension 'python_setup_py'
[0.175s] [34mcolcon.colcon_core.package_identification[0m [1;30mLevel 1[0m _identify(ROS2/github_ws/build) by extensions ['ignore', 'ignore_ament_install']
[0.175s] [34mcolcon.colcon_core.package_identification[0m [1;30mLevel 1[0m _identify(ROS2/github_ws/build) by extension 'ignore'
[0.175s] [34mcolcon.colcon_core.package_identification[0m [1;30mLevel 1[0m _identify(ROS2/github_ws/build) ignored
[0.175s] [34mcolcon.colcon_core.package_identification[0m [1;30mLevel 1[0m _identify(ROS2/github_ws/install) by extensions ['ignore', 'ignore_ament_install']
[0.175s] [34mcolcon.colcon_core.package_identification[0m [1;30mLevel 1[0m _identify(ROS2/github_ws/install) by extension 'ignore'
[0.175s] [34mcolcon.colcon_core.package_identification[0m [1;30mLevel 1[0m _identify(ROS2/github_ws/install) ignored
[0.175s] [34mcolcon.colcon_core.package_identification[0m [1;30mLevel 1[0m _identify(ROS2/github_ws/log) by extensions ['ignore', 'ignore_ament_install']
[0.175s] [34mcolcon.colcon_core.package_identification[0m [1;30mLevel 1[0m _identify(ROS2/github_ws/log) by extension 'ignore'
[0.175s] [34mcolcon.colcon_core.package_identification[0m [1;30mLevel 1[0m _identify(ROS2/github_ws/log) ignored
[0.175s] [34mcolcon.colcon_core.package_identification[0m [1;30mLevel 1[0m _identify(ROS2/github_ws/src) by extensions ['ignore', 'ignore_ament_install']
[0.175s] [34mcolcon.colcon_core.package_identification[0m [1;30mLevel 1[0m _identify(ROS2/github_ws/src) by extension 'ignore'
[0.175s] [34mcolcon.colcon_core.package_identification[0m [1;30mLevel 1[0m _identify(ROS2/github_ws/src) by extension 'ignore_ament_install'
[0.175s] [34mcolcon.colcon_core.package_identification[0m [1;30mLevel 1[0m _identify(ROS2/github_ws/src) by extensions ['colcon_pkg']
[0.175s] [34mcolcon.colcon_core.package_identification[0m [1;30mLevel 1[0m _identify(ROS2/github_ws/src) by extension 'colcon_pkg'
[0.175s] [34mcolcon.colcon_core.package_identification[0m [1;30mLevel 1[0m _identify(ROS2/github_ws/src) by extensions ['colcon_meta']
[0.175s] [34mcolcon.colcon_core.package_identification[0m [1;30mLevel 1[0m _identify(ROS2/github_ws/src) by extension 'colcon_meta'
[0.175s] [34mcolcon.colcon_core.package_identification[0m [1;30mLevel 1[0m _identify(ROS2/github_ws/src) by extensions ['ros']
[0.175s] [34mcolcon.colcon_core.package_identification[0m [1;30mLevel 1[0m _identify(ROS2/github_ws/src) by extension 'ros'
[0.175s] [34mcolcon.colcon_core.package_identification[0m [1;30mLevel 1[0m _identify(ROS2/github_ws/src) by extensions ['cmake', 'python']
[0.175s] [34mcolcon.colcon_core.package_identification[0m [1;30mLevel 1[0m _identify(ROS2/github_ws/src) by extension 'cmake'
[0.175s] [34mcolcon.colcon_core.package_identification[0m [1;30mLevel 1[0m _identify(ROS2/github_ws/src) by extension 'python'
[0.175s] [34mcolcon.colcon_core.package_identification[0m [1;30mLevel 1[0m _identify(ROS2/github_ws/src) by extensions ['python_setup_py']
[0.175s] [34mcolcon.colcon_core.package_identification[0m [1;30mLevel 1[0m _identify(ROS2/github_ws/src) by extension 'python_setup_py'
[0.175s] [34mcolcon.colcon_core.package_identification[0m [1;30mLevel 1[0m _identify(ROS2/github_ws/src/github) by extensions ['ignore', 'ignore_ament_install']
[0.175s] [34mcolcon.colcon_core.package_identification[0m [1;30mLevel 1[0m _identify(ROS2/github_ws/src/github) by extension 'ignore'
[0.175s] [34mcolcon.colcon_core.package_identification[0m [1;30mLevel 1[0m _identify(ROS2/github_ws/src/github) by extension 'ignore_ament_install'
[0.175s] [34mcolcon.colcon_core.package_identification[0m [1;30mLevel 1[0m _identify(ROS2/github_ws/src/github) by extensions ['colcon_pkg']
[0.175s] [34mcolcon.colcon_core.package_identification[0m [1;30mLevel 1[0m _identify(ROS2/github_ws/src/github) by extension 'colcon_pkg'
[0.175s] [34mcolcon.colcon_core.package_identification[0m [1;30mLevel 1[0m _identify(ROS2/github_ws/src/github) by extensions ['colcon_meta']
[0.175s] [34mcolcon.colcon_core.package_identification[0m [1;30mLevel 1[0m _identify(ROS2/github_ws/src/github) by extension 'colcon_meta'
[0.175s] [34mcolcon.colcon_core.package_identification[0m [1;30mLevel 1[0m _identify(ROS2/github_ws/src/github) by extensions ['ros']
[0.175s] [34mcolcon.colcon_core.package_identification[0m [1;30mLevel 1[0m _identify(ROS2/github_ws/src/github) by extension 'ros'
[0.177s] [34mcolcon.colcon_core.package_identification[0m [1;30mDEBUG[0m [32mPackage 'ROS2/github_ws/src/github' with type 'ros.ament_python' and name 'github'[0m
[0.177s] [34mcolcon.colcon_core.package_identification[0m [1;30mLevel 1[0m _identify(ROS2/install) by extensions ['ignore', 'ignore_ament_install']
[0.177s] [34mcolcon.colcon_core.package_identification[0m [1;30mLevel 1[0m _identify(ROS2/install) by extension 'ignore'
[0.177s] [34mcolcon.colcon_core.package_identification[0m [1;30mLevel 1[0m _identify(ROS2/install) ignored
[0.177s] [34mcolcon.colcon_core.package_identification[0m [1;30mLevel 1[0m _identify(ROS2/log) by extensions ['ignore', 'ignore_ament_install']
[0.177s] [34mcolcon.colcon_core.package_identification[0m [1;30mLevel 1[0m _identify(ROS2/log) by extension 'ignore'
[0.177s] [34mcolcon.colcon_core.package_identification[0m [1;30mLevel 1[0m _identify(ROS2/log) ignored
[0.177s] [34mcolcon.colcon_core.package_identification[0m [1;30mLevel 1[0m _identify(ROS2/src) by extensions ['ignore', 'ignore_ament_install']
[0.177s] [34mcolcon.colcon_core.package_identification[0m [1;30mLevel 1[0m _identify(ROS2/src) by extension 'ignore'
[0.177s] [34mcolcon.colcon_core.package_identification[0m [1;30mLevel 1[0m _identify(ROS2/src) by extension 'ignore_ament_install'
[0.177s] [34mcolcon.colcon_core.package_identification[0m [1;30mLevel 1[0m _identify(ROS2/src) by extensions ['colcon_pkg']
[0.177s] [34mcolcon.colcon_core.package_identification[0m [1;30mLevel 1[0m _identify(ROS2/src) by extension 'colcon_pkg'
[0.177s] [34mcolcon.colcon_core.package_identification[0m [1;30mLevel 1[0m _identify(ROS2/src) by extensions ['colcon_meta']
[0.177s] [34mcolcon.colcon_core.package_identification[0m [1;30mLevel 1[0m _identify(ROS2/src) by extension 'colcon_meta'
[0.177s] [34mcolcon.colcon_core.package_identification[0m [1;30mLevel 1[0m _identify(ROS2/src) by extensions ['ros']
[0.177s] [34mcolcon.colcon_core.package_identification[0m [1;30mLevel 1[0m _identify(ROS2/src) by extension 'ros'
[0.177s] [34mcolcon.colcon_core.package_identification[0m [1;30mLevel 1[0m _identify(ROS2/src) by extensions ['cmake', 'python']
[0.177s] [34mcolcon.colcon_core.package_identification[0m [1;30mLevel 1[0m _identify(ROS2/src) by extension 'cmake'
[0.177s] [34mcolcon.colcon_core.package_identification[0m [1;30mLevel 1[0m _identify(ROS2/src) by extension 'python'
[0.177s] [34mcolcon.colcon_core.package_identification[0m [1;30mLevel 1[0m _identify(ROS2/src) by extensions ['python_setup_py']
[0.177s] [34mcolcon.colcon_core.package_identification[0m [1;30mLevel 1[0m _identify(ROS2/src) by extension 'python_setup_py'
[0.177s] [34mcolcon.colcon_core.package_identification[0m [1;30mLevel 1[0m _identify(ROS2/src/install) by extensions ['ignore', 'ignore_ament_install']
[0.177s] [34mcolcon.colcon_core.package_identification[0m [1;30mLevel 1[0m _identify(ROS2/src/install) by extension 'ignore'
[0.177s] [34mcolcon.colcon_core.package_identification[0m [1;30mLevel 1[0m _identify(ROS2/src/install) ignored
[0.177s] [34mcolcon.colcon_core.package_identification[0m [1;30mLevel 1[0m _identify(ROS2/src/log) by extensions ['ignore', 'ignore_ament_install']
[0.177s] [34mcolcon.colcon_core.package_identification[0m [1;30mLevel 1[0m _identify(ROS2/src/log) by extension 'ignore'
[0.177s] [34mcolcon.colcon_core.package_identification[0m [1;30mLevel 1[0m _identify(ROS2/src/log) ignored
[0.177s] [34mcolcon.colcon_core.package_identification[0m [1;30mLevel 1[0m _identify(ROS2/src/nebupkg) by extensions ['ignore', 'ignore_ament_install']
[0.177s] [34mcolcon.colcon_core.package_identification[0m [1;30mLevel 1[0m _identify(ROS2/src/nebupkg) by extension 'ignore'
[0.177s] [34mcolcon.colcon_core.package_identification[0m [1;30mLevel 1[0m _identify(ROS2/src/nebupkg) by extension 'ignore_ament_install'
[0.177s] [34mcolcon.colcon_core.package_identification[0m [1;30mLevel 1[0m _identify(ROS2/src/nebupkg) by extensions ['colcon_pkg']
[0.177s] [34mcolcon.colcon_core.package_identification[0m [1;30mLevel 1[0m _identify(ROS2/src/nebupkg) by extension 'colcon_pkg'
[0.177s] [34mcolcon.colcon_core.package_identification[0m [1;30mLevel 1[0m _identify(ROS2/src/nebupkg) by extensions ['colcon_meta']
[0.177s] [34mcolcon.colcon_core.package_identification[0m [1;30mLevel 1[0m _identify(ROS2/src/nebupkg) by extension 'colcon_meta'
[0.178s] [34mcolcon.colcon_core.package_identification[0m [1;30mLevel 1[0m _identify(ROS2/src/nebupkg) by extensions ['ros']
[0.178s] [34mcolcon.colcon_core.package_identification[0m [1;30mLevel 1[0m _identify(ROS2/src/nebupkg) by extension 'ros'
[0.178s] [34mcolcon.colcon_core.package_identification[0m [1;30mDEBUG[0m [32mPackage 'ROS2/src/nebupkg' with type 'ros.ament_python' and name 'nebupkg'[0m
[0.178s] [34mcolcon.colcon_core.package_identification[0m [1;30mLevel 1[0m _identify(build) by extensions ['ignore', 'ignore_ament_install']
[0.178s] [34mcolcon.colcon_core.package_identification[0m [1;30mLevel 1[0m _identify(build) by extension 'ignore'
[0.178s] [34mcolcon.colcon_core.package_identification[0m [1;30mLevel 1[0m _identify(build) ignored
[0.181s] [34mcolcon.colcon_core.package_identification[0m [1;30mLevel 1[0m _identify(github_ws) by extensions ['ignore', 'ignore_ament_install']
[0.181s] [34mcolcon.colcon_core.package_identification[0m [1;30mLevel 1[0m _identify(github_ws) by extension 'ignore'
[0.181s] [34mcolcon.colcon_core.package_identification[0m [1;30mLevel 1[0m _identify(github_ws) by extension 'ignore_ament_install'
[0.181s] [34mcolcon.colcon_core.package_identification[0m [1;30mLevel 1[0m _identify(github_ws) by extensions ['colcon_pkg']
[0.181s] [34mcolcon.colcon_core.package_identification[0m [1;30mLevel 1[0m _identify(github_ws) by extension 'colcon_pkg'
[0.181s] [34mcolcon.colcon_core.package_identification[0m [1;30mLevel 1[0m _identify(github_ws) by extensions ['colcon_meta']
[0.181s] [34mcolcon.colcon_core.package_identification[0m [1;30mLevel 1[0m _identify(github_ws) by extension 'colcon_meta'
[0.181s] [34mcolcon.colcon_core.package_identification[0m [1;30mLevel 1[0m _identify(github_ws) by extensions ['ros']
[0.181s] [34mcolcon.colcon_core.package_identification[0m [1;30mLevel 1[0m _identify(github_ws) by extension 'ros'
[0.181s] [34mcolcon.colcon_core.package_identification[0m [1;30mLevel 1[0m _identify(github_ws) by extensions ['cmake', 'python']
[0.181s] [34mcolcon.colcon_core.package_identification[0m [1;30mLevel 1[0m _identify(github_ws) by extension 'cmake'
[0.181s] [34mcolcon.colcon_core.package_identification[0m [1;30mLevel 1[0m _identify(github_ws) by extension 'python'
[0.181s] [34mcolcon.colcon_core.package_identification[0m [1;30mLevel 1[0m _identify(github_ws) by extensions ['python_setup_py']
[0.181s] [34mcolcon.colcon_core.package_identification[0m [1;30mLevel 1[0m _identify(github_ws) by extension 'python_setup_py'
[0.182s] [34mcolcon.colcon_core.package_identification[0m [1;30mLevel 1[0m _identify(github_ws/build) by extensions ['ignore', 'ignore_ament_install']
[0.182s] [34mcolcon.colcon_core.package_identification[0m [1;30mLevel 1[0m _identify(github_ws/build) by extension 'ignore'
[0.182s] [34mcolcon.colcon_core.package_identification[0m [1;30mLevel 1[0m _identify(github_ws/build) ignored
[0.182s] [34mcolcon.colcon_core.package_identification[0m [1;30mLevel 1[0m _identify(github_ws/install) by extensions ['ignore', 'ignore_ament_install']
[0.182s] [34mcolcon.colcon_core.package_identification[0m [1;30mLevel 1[0m _identify(github_ws/install) by extension 'ignore'
[0.182s] [34mcolcon.colcon_core.package_identification[0m [1;30mLevel 1[0m _identify(github_ws/install) ignored
[0.182s] [34mcolcon.colcon_core.package_identification[0m [1;30mLevel 1[0m _identify(github_ws/log) by extensions ['ignore', 'ignore_ament_install']
[0.182s] [34mcolcon.colcon_core.package_identification[0m [1;30mLevel 1[0m _identify(github_ws/log) by extension 'ignore'
[0.182s] [34mcolcon.colcon_core.package_identification[0m [1;30mLevel 1[0m _identify(github_ws/log) ignored
[0.182s] [34mcolcon.colcon_core.package_identification[0m [1;30mLevel 1[0m _identify(github_ws/src) by extensions ['ignore', 'ignore_ament_install']
[0.183s] [34mcolcon.colcon_core.package_identification[0m [1;30mLevel 1[0m _identify(github_ws/src) by extension 'ignore'
[0.183s] [34mcolcon.colcon_core.package_identification[0m [1;30mLevel 1[0m _identify(github_ws/src) by extension 'ignore_ament_install'
[0.183s] [34mcolcon.colcon_core.package_identification[0m [1;30mLevel 1[0m _identify(github_ws/src) by extensions ['colcon_pkg']
[0.183s] [34mcolcon.colcon_core.package_identification[0m [1;30mLevel 1[0m _identify(github_ws/src) by extension 'colcon_pkg'
[0.183s] [34mcolcon.colcon_core.package_identification[0m [1;30mLevel 1[0m _identify(github_ws/src) by extensions ['colcon_meta']
[0.183s] [34mcolcon.colcon_core.package_identification[0m [1;30mLevel 1[0m _identify(github_ws/src) by extension 'colcon_meta'
[0.183s] [34mcolcon.colcon_core.package_identification[0m [1;30mLevel 1[0m _identify(github_ws/src) by extensions ['ros']
[0.183s] [34mcolcon.colcon_core.package_identification[0m [1;30mLevel 1[0m _identify(github_ws/src) by extension 'ros'
[0.183s] [34mcolcon.colcon_core.package_identification[0m [1;30mLevel 1[0m _identify(github_ws/src) by extensions ['cmake', 'python']
[0.183s] [34mcolcon.colcon_core.package_identification[0m [1;30mLevel 1[0m _identify(github_ws/src) by extension 'cmake'
[0.183s] [34mcolcon.colcon_core.package_identification[0m [1;30mLevel 1[0m _identify(github_ws/src) by extension 'python'
[0.183s] [34mcolcon.colcon_core.package_identification[0m [1;30mLevel 1[0m _identify(github_ws/src) by extensions ['python_setup_py']
[0.183s] [34mcolcon.colcon_core.package_identification[0m [1;30mLevel 1[0m _identify(github_ws/src) by extension 'python_setup_py'
[0.183s] [34mcolcon.colcon_core.package_identification[0m [1;30mLevel 1[0m _identify(github_ws/src/github) by extensions ['ignore', 'ignore_ament_install']
[0.183s] [34mcolcon.colcon_core.package_identification[0m [1;30mLevel 1[0m _identify(github_ws/src/github) by extension 'ignore'
[0.183s] [34mcolcon.colcon_core.package_identification[0m [1;30mLevel 1[0m _identify(github_ws/src/github) by extension 'ignore_ament_install'
[0.183s] [34mcolcon.colcon_core.package_identification[0m [1;30mLevel 1[0m _identify(github_ws/src/github) by extensions ['colcon_pkg']
[0.183s] [34mcolcon.colcon_core.package_identification[0m [1;30mLevel 1[0m _identify(github_ws/src/github) by extension 'colcon_pkg'
[0.183s] [34mcolcon.colcon_core.package_identification[0m [1;30mLevel 1[0m _identify(github_ws/src/github) by extensions ['colcon_meta']
[0.183s] [34mcolcon.colcon_core.package_identification[0m [1;30mLevel 1[0m _identify(github_ws/src/github) by extension 'colcon_meta'
[0.183s] [34mcolcon.colcon_core.package_identification[0m [1;30mLevel 1[0m _identify(github_ws/src/github) by extensions ['ros']
[0.183s] [34mcolcon.colcon_core.package_identification[0m [1;30mLevel 1[0m _identify(github_ws/src/github) by extension 'ros'
[0.183s] [34mcolcon.colcon_core.package_identification[0m [1;30mDEBUG[0m [32mPackage 'github_ws/src/github' with type 'ros.ament_python' and name 'github'[0m
[0.183s] [34mcolcon.colcon_core.package_identification[0m [1;30mLevel 1[0m _identify(install) by extensions ['ignore', 'ignore_ament_install']
[0.184s] [34mcolcon.colcon_core.package_identification[0m [1;30mLevel 1[0m _identify(install) by extension 'ignore'
[0.184s] [34mcolcon.colcon_core.package_identification[0m [1;30mLevel 1[0m _identify(install) ignored
[0.184s] [34mcolcon.colcon_core.package_identification[0m [1;30mLevel 1[0m _identify(log) by extensions ['ignore', 'ignore_ament_install']
[0.184s] [34mcolcon.colcon_core.package_identification[0m [1;30mLevel 1[0m _identify(log) by extension 'ignore'
[0.184s] [34mcolcon.colcon_core.package_identification[0m [1;30mLevel 1[0m _identify(log) ignored
[0.184s] [34mcolcon.colcon_core.package_discovery[0m [1;30mLevel 1[0m discover_packages(recursive) using defaults
[0.184s] [34mcolcon.colcon_core.package_discovery[0m [1;30mLevel 1[0m discover_packages(ignore) discover
[0.184s] [34mcolcon.colcon_core.package_discovery[0m [1;30mLevel 1[0m discover_packages(ignore) using defaults
[0.184s] [34mcolcon.colcon_core.package_discovery[0m [1;30mLevel 1[0m discover_packages(path) discover
[0.184s] [34mcolcon.colcon_core.package_discovery[0m [1;30mLevel 1[0m discover_packages(path) using defaults
[0.192s] [34mcolcon.colcon_core.package_discovery[0m [1;30mLevel 1[0m discover_packages(prefix_path) check parameters
[0.192s] [34mcolcon.colcon_core.package_discovery[0m [1;30mLevel 1[0m discover_packages(prefix_path) discover
[0.193s] [34mcolcon.colcon_installed_package_information.package_discovery[0m [1;30mDEBUG[0m [32mFound 314 installed packages in /opt/ros/humble[0m
[0.194s] [34mcolcon.colcon_core.package_discovery[0m [1;30mLevel 1[0m discover_packages(prefix_path) using defaults
[0.213s] [34mcolcon[0m [1;30mERROR[0m [31mcolcon build: Duplicate package names not supported:
- github:
  - ROS2/github_ws/src/github
  - github_ws/src/github[0m
